0 info it worked if it ends with ok
1 verbose cli [ '/usr/local/bin/node', '/usr/local/bin/npm', 'start' ]
2 info using npm@3.7.3
3 info using node@v5.6.0
4 verbose stack Error: Failed to parse json
4 verbose stack Unexpected token 'c' at 17:2
4 verbose stack }cl
4 verbose stack  ^
4 verbose stack     at parseError (/usr/local/lib/node_modules/npm/node_modules/read-package-json/read-json.js:379:11)
4 verbose stack     at parseJson (/usr/local/lib/node_modules/npm/node_modules/read-package-json/read-json.js:68:23)
4 verbose stack     at /usr/local/lib/node_modules/npm/node_modules/read-package-json/read-json.js:48:5
4 verbose stack     at /usr/local/lib/node_modules/npm/node_modules/graceful-fs/graceful-fs.js:78:16
4 verbose stack     at tryToString (fs.js:414:3)
4 verbose stack     at FSReqWrap.readFileAfterClose [as oncomplete] (fs.js:401:12)
5 verbose cwd /Users/maximilianschwarzmuller/Projects/Web Development/tutorials/youtube/nodejs/basics/05-express-first-app
6 error Darwin 15.3.0
7 error argv "/usr/local/bin/node" "/usr/local/bin/npm" "start"
8 error node v5.6.0
9 error npm  v3.7.3
10 error file /Users/maximilianschwarzmuller/Projects/Web Development/tutorials/youtube/nodejs/basics/05-express-first-app/package.json
11 error code EJSONPARSE
12 error Failed to parse json
12 error Unexpected token 'c' at 17:2
12 error }cl
12 error  ^
13 error File: /Users/maximilianschwarzmuller/Projects/Web Development/tutorials/youtube/nodejs/basics/05-express-first-app/package.json
14 error Failed to parse package.json data.
14 error package.json must be actual JSON, not just JavaScript.
14 error
14 error This is not a bug in npm.
14 error Tell the package author to fix their package.json file. JSON.parse
15 verbose exit [ 1, true ]
